{"/home/vili/Documents/dev-projects/typeorm-node/typeorm-node-api/src/server.ts": {"path":"/home/vili/Documents/dev-projects/typeorm-node/typeorm-node-api/src/server.ts","statementMap":{"0":{"start":{"line":1,"column":0},"end":{"line":1,"column":24}},"1":{"start":{"line":2,"column":0},"end":{"line":2,"column":30}},"2":{"start":{"line":3,"column":0},"end":{"line":3,"column":37}},"3":{"start":{"line":4,"column":0},"end":{"line":4,"column":61}},"4":{"start":{"line":5,"column":0},"end":{"line":5,"column":55}},"5":{"start":{"line":6,"column":0},"end":{"line":6,"column":59}},"6":{"start":{"line":7,"column":0},"end":{"line":7,"column":41}},"7":{"start":{"line":8,"column":0},"end":{"line":8,"column":55}},"8":{"start":{"line":9,"column":0},"end":{"line":9,"column":42}},"9":{"start":{"line":10,"column":0},"end":{"line":10,"column":57}},"10":{"start":{"line":12,"column":13},"end":{"line":12,"column":37}},"11":{"start":{"line":15,"column":20},"end":{"line":48,"column":1}},"12":{"start":{"line":16,"column":2},"end":{"line":16,"column":41}},"13":{"start":{"line":17,"column":2},"end":{"line":17,"column":34}},"14":{"start":{"line":18,"column":2},"end":{"line":18,"column":41}},"15":{"start":{"line":20,"column":2},"end":{"line":20,"column":58}},"16":{"start":{"line":21,"column":2},"end":{"line":21,"column":34}},"17":{"start":{"line":23,"column":2},"end":{"line":23,"column":41}},"18":{"start":{"line":24,"column":2},"end":{"line":24,"column":43}},"19":{"start":{"line":25,"column":2},"end":{"line":25,"column":41}},"20":{"start":{"line":26,"column":2},"end":{"line":26,"column":34}},"21":{"start":{"line":27,"column":2},"end":{"line":27,"column":31}},"22":{"start":{"line":29,"column":2},"end":{"line":29,"column":41}},"23":{"start":{"line":30,"column":2},"end":{"line":30,"column":36}},"24":{"start":{"line":31,"column":2},"end":{"line":31,"column":41}},"25":{"start":{"line":33,"column":2},"end":{"line":33,"column":27}},"26":{"start":{"line":34,"column":2},"end":{"line":34,"column":33}},"27":{"start":{"line":35,"column":2},"end":{"line":35,"column":32}},"28":{"start":{"line":37,"column":2},"end":{"line":37,"column":35}},"29":{"start":{"line":38,"column":2},"end":{"line":44,"column":5}},"30":{"start":{"line":39,"column":4},"end":{"line":39,"column":43}},"31":{"start":{"line":40,"column":4},"end":{"line":42,"column":6}},"32":{"start":{"line":43,"column":4},"end":{"line":43,"column":43}},"33":{"start":{"line":45,"column":2},"end":{"line":47,"column":5}},"34":{"start":{"line":45,"column":45},"end":{"line":47,"column":4}},"35":{"start":{"line":46,"column":4},"end":{"line":46,"column":39}},"36":{"start":{"line":15,"column":13},"end":{"line":15,"column":20}},"37":{"start":{"line":50,"column":24},"end":{"line":54,"column":4}},"38":{"start":{"line":51,"column":2},"end":{"line":54,"column":4}},"39":{"start":{"line":53,"column":4},"end":{"line":53,"column":28}},"40":{"start":{"line":50,"column":13},"end":{"line":50,"column":24}},"41":{"start":{"line":56,"column":0},"end":{"line":58,"column":null}},"42":{"start":{"line":57,"column":2},"end":{"line":57,"column":9}}},"fnMap":{"0":{"name":"(anonymous_8)","decl":{"start":{"line":15,"column":20},"end":{"line":15,"column":23}},"loc":{"start":{"line":15,"column":25},"end":{"line":48,"column":1}}},"1":{"name":"(anonymous_9)","decl":{"start":{"line":38,"column":41},"end":{"line":38,"column":44}},"loc":{"start":{"line":38,"column":46},"end":{"line":44,"column":3}}},"2":{"name":"(anonymous_10)","decl":{"start":{"line":45,"column":34},"end":{"line":45,"column":43}},"loc":{"start":{"line":45,"column":45},"end":{"line":47,"column":4}}},"3":{"name":"(anonymous_11)","decl":{"start":{"line":45,"column":45},"end":{"line":45,"column":null}},"loc":{"start":{"line":45,"column":45},"end":{"line":47,"column":3}}},"4":{"name":"(anonymous_12)","decl":{"start":{"line":50,"column":24},"end":{"line":50,"column":27}},"loc":{"start":{"line":51,"column":2},"end":{"line":54,"column":4}}},"5":{"name":"(anonymous_13)","decl":{"start":{"line":52,"column":19},"end":{"line":52,"column":22}},"loc":{"start":{"line":52,"column":24},"end":{"line":54,"column":3}}}},"branchMap":{"0":{"loc":{"start":{"line":51,"column":2},"end":{"line":54,"column":4}},"type":"binary-expr","locations":[{"start":{"line":51,"column":2},"end":{"line":51,"column":12}},{"start":{"line":52,"column":2},"end":{"line":54,"column":4}}]},"1":{"loc":{"start":{"line":56,"column":0},"end":{"line":58,"column":null}},"type":"if","locations":[{"start":{"line":56,"column":0},"end":{"line":58,"column":null}}]}},"s":{"0":1,"1":1,"2":1,"3":1,"4":1,"5":1,"6":1,"7":1,"8":1,"9":1,"10":1,"11":1,"12":0,"13":0,"14":0,"15":0,"16":0,"17":0,"18":0,"19":0,"20":0,"21":0,"22":0,"23":0,"24":0,"25":0,"26":0,"27":0,"28":0,"29":0,"30":0,"31":0,"32":0,"33":0,"34":0,"35":0,"36":1,"37":1,"38":1,"39":0,"40":1,"41":1,"42":0},"f":{"0":0,"1":0,"2":0,"3":0,"4":1,"5":0},"b":{"0":[1,0],"1":[0]}}
,"/home/vili/Documents/dev-projects/typeorm-node/typeorm-node-api/src/config/config.ts": {"path":"/home/vili/Documents/dev-projects/typeorm-node/typeorm-node-api/src/config/config.ts","statementMap":{"0":{"start":{"line":2,"column":0},"end":{"line":2,"column":28}},"1":{"start":{"line":4,"column":0},"end":{"line":4,"column":16}},"2":{"start":{"line":6,"column":13},"end":{"line":6,"column":66}},"3":{"start":{"line":7,"column":13},"end":{"line":7,"column":52}},"4":{"start":{"line":9,"column":13},"end":{"line":9,"column":74}},"5":{"start":{"line":10,"column":13},"end":{"line":12,"column":10}},"6":{"start":{"line":14,"column":13},"end":{"line":17,"column":2}}},"fnMap":{},"branchMap":{"0":{"loc":{"start":{"line":9,"column":31},"end":{"line":9,"column":73}},"type":"binary-expr","locations":[{"start":{"line":9,"column":31},"end":{"line":9,"column":58}},{"start":{"line":9,"column":62},"end":{"line":9,"column":73}}]},"1":{"loc":{"start":{"line":10,"column":27},"end":{"line":12,"column":9}},"type":"cond-expr","locations":[{"start":{"line":11,"column":4},"end":{"line":11,"column":35}},{"start":{"line":12,"column":4},"end":{"line":12,"column":9}}]}},"s":{"0":1,"1":1,"2":1,"3":1,"4":1,"5":1,"6":1},"f":{},"b":{"0":[1,0],"1":[1,0]}}
,"/home/vili/Documents/dev-projects/typeorm-node/typeorm-node-api/src/config/logger.ts": {"path":"/home/vili/Documents/dev-projects/typeorm-node/typeorm-node-api/src/config/logger.ts","statementMap":{"0":{"start":{"line":1,"column":0},"end":{"line":1,"column":30}},"1":{"start":{"line":2,"column":49},"end":{"line":2,"column":63}},"2":{"start":{"line":3,"column":18},"end":{"line":11,"column":2}},"3":{"start":{"line":12,"column":15},"end":{"line":16,"column":2}},"4":{"start":{"line":17,"column":0},"end":{"line":17,"column":26}},"5":{"start":{"line":18,"column":15},"end":{"line":30,"column":2}},"6":{"start":{"line":26,"column":6},"end":{"line":26,"column":51}},"7":{"start":{"line":32,"column":0},"end":{"line":32,"column":22}}},"fnMap":{"0":{"name":"(anonymous_1)","decl":{"start":{"line":25,"column":26},"end":{"line":25,"column":27}},"loc":{"start":{"line":25,"column":60},"end":{"line":27,"column":5}}}},"branchMap":{},"s":{"0":1,"1":1,"2":1,"3":1,"4":1,"5":1,"6":0,"7":1},"f":{"0":0},"b":{}}
,"/home/vili/Documents/dev-projects/typeorm-node/typeorm-node-api/src/controllers/bookController.ts": {"path":"/home/vili/Documents/dev-projects/typeorm-node/typeorm-node-api/src/controllers/bookController.ts","statementMap":{"0":{"start":{"line":1,"column":0},"end":{"line":1,"column":33}},"1":{"start":{"line":2,"column":0},"end":{"line":2,"column":40}},"2":{"start":{"line":3,"column":0},"end":{"line":3,"column":60}},"3":{"start":{"line":6,"column":18},"end":{"line":6,"column":25}},"4":{"start":{"line":7,"column":13},"end":{"line":7,"column":35}},"5":{"start":{"line":9,"column":0},"end":{"line":28,"column":3}},"6":{"start":{"line":9,"column":77},"end":{"line":28,"column":2}},"7":{"start":{"line":10,"column":2},"end":{"line":27,"column":null}},"8":{"start":{"line":11,"column":22},"end":{"line":13,"column":6}},"9":{"start":{"line":15,"column":4},"end":{"line":21,"column":null}},"10":{"start":{"line":16,"column":6},"end":{"line":20,"column":9}},"11":{"start":{"line":19,"column":43},"end":{"line":19,"column":54}},"12":{"start":{"line":23,"column":16},"end":{"line":23,"column":61}},"13":{"start":{"line":24,"column":4},"end":{"line":24,"column":80}},"14":{"start":{"line":26,"column":4},"end":{"line":26,"column":16}},"15":{"start":{"line":30,"column":0},"end":{"line":37,"column":3}},"16":{"start":{"line":30,"column":74},"end":{"line":37,"column":2}},"17":{"start":{"line":31,"column":2},"end":{"line":36,"column":null}},"18":{"start":{"line":32,"column":16},"end":{"line":32,"column":47}},"19":{"start":{"line":33,"column":4},"end":{"line":33,"column":35}},"20":{"start":{"line":35,"column":4},"end":{"line":35,"column":16}},"21":{"start":{"line":39,"column":0},"end":{"line":79,"column":2}},"22":{"start":{"line":41,"column":36},"end":{"line":78,"column":null}},"23":{"start":{"line":42,"column":4},"end":{"line":77,"column":null}},"24":{"start":{"line":43,"column":6},"end":{"line":43,"column":49}},"25":{"start":{"line":44,"column":31},"end":{"line":48,"column":null}},"26":{"start":{"line":51,"column":6},"end":{"line":57,"column":null}},"27":{"start":{"line":52,"column":8},"end":{"line":56,"column":11}},"28":{"start":{"line":55,"column":62},"end":{"line":55,"column":73}},"29":{"start":{"line":59,"column":29},"end":{"line":61,"column":8}},"30":{"start":{"line":63,"column":6},"end":{"line":69,"column":null}},"31":{"start":{"line":64,"column":8},"end":{"line":68,"column":11}},"32":{"start":{"line":67,"column":60},"end":{"line":67,"column":71}},"33":{"start":{"line":71,"column":21},"end":{"line":71,"column":50}},"34":{"start":{"line":72,"column":31},"end":{"line":72,"column":43}},"35":{"start":{"line":73,"column":26},"end":{"line":73,"column":74}},"36":{"start":{"line":74,"column":6},"end":{"line":74,"column":45}},"37":{"start":{"line":76,"column":6},"end":{"line":76,"column":18}},"38":{"start":{"line":81,"column":0},"end":{"line":104,"column":3}},"39":{"start":{"line":81,"column":76},"end":{"line":104,"column":2}},"40":{"start":{"line":82,"column":2},"end":{"line":103,"column":null}},"41":{"start":{"line":83,"column":22},"end":{"line":87,"column":null}},"42":{"start":{"line":90,"column":4},"end":{"line":96,"column":null}},"43":{"start":{"line":91,"column":6},"end":{"line":95,"column":9}},"44":{"start":{"line":94,"column":43},"end":{"line":94,"column":54}},"45":{"start":{"line":98,"column":19},"end":{"line":98,"column":48}},"46":{"start":{"line":99,"column":4},"end":{"line":99,"column":44}},"47":{"start":{"line":100,"column":4},"end":{"line":100,"column":32}},"48":{"start":{"line":102,"column":4},"end":{"line":102,"column":16}}},"fnMap":{"0":{"name":"(anonymous_8)","decl":{"start":{"line":9,"column":43},"end":{"line":9,"column":50}},"loc":{"start":{"line":9,"column":77},"end":{"line":28,"column":2}}},"1":{"name":"(anonymous_9)","decl":{"start":{"line":9,"column":77},"end":{"line":9,"column":null}},"loc":{"start":{"line":9,"column":77},"end":{"line":28,"column":1}}},"2":{"name":"(anonymous_10)","decl":{"start":{"line":19,"column":34},"end":{"line":19,"column":35}},"loc":{"start":{"line":19,"column":43},"end":{"line":19,"column":54}}},"3":{"name":"(anonymous_11)","decl":{"start":{"line":30,"column":40},"end":{"line":30,"column":47}},"loc":{"start":{"line":30,"column":74},"end":{"line":37,"column":2}}},"4":{"name":"(anonymous_12)","decl":{"start":{"line":30,"column":74},"end":{"line":30,"column":null}},"loc":{"start":{"line":30,"column":74},"end":{"line":37,"column":1}}},"5":{"name":"(anonymous_13)","decl":{"start":{"line":41,"column":2},"end":{"line":41,"column":9}},"loc":{"start":{"line":41,"column":36},"end":{"line":78,"column":null}}},"6":{"name":"(anonymous_14)","decl":{"start":{"line":41,"column":36},"end":{"line":41,"column":null}},"loc":{"start":{"line":41,"column":36},"end":{"line":78,"column":3}}},"7":{"name":"(anonymous_15)","decl":{"start":{"line":55,"column":53},"end":{"line":55,"column":54}},"loc":{"start":{"line":55,"column":62},"end":{"line":55,"column":73}}},"8":{"name":"(anonymous_16)","decl":{"start":{"line":67,"column":51},"end":{"line":67,"column":52}},"loc":{"start":{"line":67,"column":60},"end":{"line":67,"column":71}}},"9":{"name":"(anonymous_17)","decl":{"start":{"line":81,"column":42},"end":{"line":81,"column":49}},"loc":{"start":{"line":81,"column":76},"end":{"line":104,"column":2}}},"10":{"name":"(anonymous_18)","decl":{"start":{"line":81,"column":76},"end":{"line":81,"column":null}},"loc":{"start":{"line":81,"column":76},"end":{"line":104,"column":1}}},"11":{"name":"(anonymous_19)","decl":{"start":{"line":94,"column":34},"end":{"line":94,"column":35}},"loc":{"start":{"line":94,"column":43},"end":{"line":94,"column":54}}}},"branchMap":{"0":{"loc":{"start":{"line":15,"column":4},"end":{"line":21,"column":null}},"type":"if","locations":[{"start":{"line":15,"column":4},"end":{"line":21,"column":null}}]},"1":{"loc":{"start":{"line":51,"column":6},"end":{"line":57,"column":null}},"type":"if","locations":[{"start":{"line":51,"column":6},"end":{"line":57,"column":null}}]},"2":{"loc":{"start":{"line":63,"column":6},"end":{"line":69,"column":null}},"type":"if","locations":[{"start":{"line":63,"column":6},"end":{"line":69,"column":null}}]},"3":{"loc":{"start":{"line":90,"column":4},"end":{"line":96,"column":null}},"type":"if","locations":[{"start":{"line":90,"column":4},"end":{"line":96,"column":null}}]}},"s":{"0":1,"1":1,"2":1,"3":1,"4":1,"5":1,"6":0,"7":0,"8":0,"9":0,"10":0,"11":0,"12":0,"13":0,"14":0,"15":1,"16":0,"17":0,"18":0,"19":0,"20":0,"21":1,"22":0,"23":0,"24":0,"25":0,"26":0,"27":0,"28":0,"29":0,"30":0,"31":0,"32":0,"33":0,"34":0,"35":0,"36":0,"37":0,"38":1,"39":0,"40":0,"41":0,"42":0,"43":0,"44":0,"45":0,"46":0,"47":0,"48":0},"f":{"0":0,"1":0,"2":0,"3":0,"4":0,"5":0,"6":0,"7":0,"8":0,"9":0,"10":0,"11":0},"b":{"0":[0],"1":[0],"2":[0],"3":[0]}}
,"/home/vili/Documents/dev-projects/typeorm-node/typeorm-node-api/src/database/data-source.ts": {"path":"/home/vili/Documents/dev-projects/typeorm-node/typeorm-node-api/src/database/data-source.ts","statementMap":{"0":{"start":{"line":1,"column":0},"end":{"line":1,"column":26}},"1":{"start":{"line":2,"column":0},"end":{"line":2,"column":37}},"2":{"start":{"line":3,"column":0},"end":{"line":3,"column":40}},"3":{"start":{"line":5,"column":13},"end":{"line":17,"column":3}}},"fnMap":{},"branchMap":{},"s":{"0":1,"1":1,"2":1,"3":1},"f":{},"b":{}}
,"/home/vili/Documents/dev-projects/typeorm-node/typeorm-node-api/src/entities/Book.ts": {"path":"/home/vili/Documents/dev-projects/typeorm-node/typeorm-node-api/src/entities/Book.ts","statementMap":{"0":{"start":{"line":1,"column":0},"end":{"line":1,"column":null}},"1":{"start":{"line":9,"column":0},"end":{"line":21,"column":null}},"2":{"start":{"line":11,"column":2},"end":{"line":11,"column":null}},"3":{"start":{"line":14,"column":2},"end":{"line":14,"column":null}},"4":{"start":{"line":17,"column":2},"end":{"line":17,"column":null}},"5":{"start":{"line":20,"column":2},"end":{"line":20,"column":null}},"6":{"start":{"line":9,"column":13},"end":{"line":21,"column":null}},"7":{"start":{"line":9,"column":13},"end":{"line":9,"column":17}}},"fnMap":{},"branchMap":{},"s":{"0":1,"1":1,"2":1,"3":1,"4":1,"5":1,"6":1,"7":1},"f":{},"b":{}}
,"/home/vili/Documents/dev-projects/typeorm-node/typeorm-node-api/src/exceptions/NotFoundException.ts": {"path":"/home/vili/Documents/dev-projects/typeorm-node/typeorm-node-api/src/exceptions/NotFoundException.ts","statementMap":{"0":{"start":{"line":3,"column":4},"end":{"line":3,"column":19}},"1":{"start":{"line":4,"column":4},"end":{"line":4,"column":36}},"2":{"start":{"line":1,"column":0},"end":{"line":1,"column":13}}},"fnMap":{"0":{"name":"(anonymous_0)","decl":{"start":{"line":2,"column":2},"end":{"line":2,"column":14}},"loc":{"start":{"line":2,"column":29},"end":{"line":5,"column":3}}}},"branchMap":{},"s":{"0":0,"1":0,"2":1},"f":{"0":0},"b":{}}
,"/home/vili/Documents/dev-projects/typeorm-node/typeorm-node-api/src/middleware/corsHandler.ts": {"path":"/home/vili/Documents/dev-projects/typeorm-node/typeorm-node-api/src/middleware/corsHandler.ts","statementMap":{"0":{"start":{"line":4,"column":2},"end":{"line":4,"column":66}},"1":{"start":{"line":5,"column":2},"end":{"line":8,"column":4}},"2":{"start":{"line":9,"column":2},"end":{"line":9,"column":57}},"3":{"start":{"line":11,"column":2},"end":{"line":15,"column":null}},"4":{"start":{"line":12,"column":4},"end":{"line":12,"column":80}},"5":{"start":{"line":13,"column":4},"end":{"line":13,"column":29}},"6":{"start":{"line":14,"column":4},"end":{"line":14,"column":11}},"7":{"start":{"line":17,"column":2},"end":{"line":17,"column":9}},"8":{"start":{"line":3,"column":0},"end":{"line":3,"column":16}}},"fnMap":{"0":{"name":"corsHandler","decl":{"start":{"line":3,"column":16},"end":{"line":3,"column":27}},"loc":{"start":{"line":3,"column":75},"end":{"line":18,"column":1}}}},"branchMap":{"0":{"loc":{"start":{"line":11,"column":2},"end":{"line":15,"column":null}},"type":"if","locations":[{"start":{"line":11,"column":2},"end":{"line":15,"column":null}}]}},"s":{"0":0,"1":0,"2":0,"3":0,"4":0,"5":0,"6":0,"7":0,"8":1},"f":{"0":0},"b":{"0":[0]}}
,"/home/vili/Documents/dev-projects/typeorm-node/typeorm-node-api/src/middleware/errorHandler.ts": {"path":"/home/vili/Documents/dev-projects/typeorm-node/typeorm-node-api/src/middleware/errorHandler.ts","statementMap":{"0":{"start":{"line":3,"column":0},"end":{"line":3,"column":38}},"1":{"start":{"line":5,"column":28},"end":{"line":19,"column":1}},"2":{"start":{"line":11,"column":17},"end":{"line":11,"column":36}},"3":{"start":{"line":12,"column":18},"end":{"line":12,"column":57}},"4":{"start":{"line":14,"column":2},"end":{"line":16,"column":4}},"5":{"start":{"line":18,"column":2},"end":{"line":18,"column":39}},"6":{"start":{"line":5,"column":13},"end":{"line":5,"column":28}}},"fnMap":{"0":{"name":"(anonymous_1)","decl":{"start":{"line":5,"column":28},"end":{"line":5,"column":null}},"loc":{"start":{"line":10,"column":4},"end":{"line":19,"column":1}}}},"branchMap":{"0":{"loc":{"start":{"line":11,"column":17},"end":{"line":11,"column":36}},"type":"binary-expr","locations":[{"start":{"line":11,"column":17},"end":{"line":11,"column":29}},{"start":{"line":11,"column":33},"end":{"line":11,"column":36}}]},"1":{"loc":{"start":{"line":12,"column":18},"end":{"line":12,"column":57}},"type":"binary-expr","locations":[{"start":{"line":12,"column":18},"end":{"line":12,"column":31}},{"start":{"line":12,"column":35},"end":{"line":12,"column":57}}]}},"s":{"0":1,"1":1,"2":0,"3":0,"4":0,"5":0,"6":1},"f":{"0":0},"b":{"0":[0,0],"1":[0,0]}}
,"/home/vili/Documents/dev-projects/typeorm-node/typeorm-node-api/src/middleware/loggingHandler.ts": {"path":"/home/vili/Documents/dev-projects/typeorm-node/typeorm-node-api/src/middleware/loggingHandler.ts","statementMap":{"0":{"start":{"line":2,"column":0},"end":{"line":2,"column":38}},"1":{"start":{"line":9,"column":2},"end":{"line":11,"column":4}},"2":{"start":{"line":13,"column":2},"end":{"line":17,"column":5}},"3":{"start":{"line":14,"column":4},"end":{"line":16,"column":6}},"4":{"start":{"line":19,"column":2},"end":{"line":19,"column":9}},"5":{"start":{"line":4,"column":0},"end":{"line":4,"column":16}}},"fnMap":{"0":{"name":"loggingHandler","decl":{"start":{"line":4,"column":16},"end":{"line":4,"column":30}},"loc":{"start":{"line":7,"column":20},"end":{"line":20,"column":1}}},"1":{"name":"(anonymous_2)","decl":{"start":{"line":13,"column":19},"end":{"line":13,"column":22}},"loc":{"start":{"line":13,"column":24},"end":{"line":17,"column":3}}}},"branchMap":{},"s":{"0":1,"1":0,"2":0,"3":0,"4":0,"5":1},"f":{"0":0,"1":0},"b":{}}
,"/home/vili/Documents/dev-projects/typeorm-node/typeorm-node-api/src/middleware/routeNotFound.ts": {"path":"/home/vili/Documents/dev-projects/typeorm-node/typeorm-node-api/src/middleware/routeNotFound.ts","statementMap":{"0":{"start":{"line":2,"column":0},"end":{"line":2,"column":38}},"1":{"start":{"line":5,"column":16},"end":{"line":5,"column":38}},"2":{"start":{"line":6,"column":2},"end":{"line":6,"column":21}},"3":{"start":{"line":8,"column":2},"end":{"line":12,"column":5}},"4":{"start":{"line":13,"column":2},"end":{"line":13,"column":9}},"5":{"start":{"line":4,"column":0},"end":{"line":4,"column":16}}},"fnMap":{"0":{"name":"routeNotFound","decl":{"start":{"line":4,"column":16},"end":{"line":4,"column":29}},"loc":{"start":{"line":4,"column":77},"end":{"line":14,"column":1}}}},"branchMap":{},"s":{"0":1,"1":0,"2":0,"3":0,"4":0,"5":1},"f":{"0":0},"b":{}}
,"/home/vili/Documents/dev-projects/typeorm-node/typeorm-node-api/src/repositories/BookRepository.ts": {"path":"/home/vili/Documents/dev-projects/typeorm-node/typeorm-node-api/src/repositories/BookRepository.ts","statementMap":{"0":{"start":{"line":2,"column":0},"end":{"line":2,"column":56}},"1":{"start":{"line":3,"column":0},"end":{"line":3,"column":40}},"2":{"start":{"line":6,"column":0},"end":{"line":6,"column":68}},"3":{"start":{"line":12,"column":4},"end":{"line":12,"column":56}},"4":{"start":{"line":16,"column":4},"end":{"line":16,"column":40}},"5":{"start":{"line":20,"column":17},"end":{"line":22,"column":6}},"6":{"start":{"line":23,"column":4},"end":{"line":25,"column":null}},"7":{"start":{"line":24,"column":6},"end":{"line":24,"column":66}},"8":{"start":{"line":26,"column":4},"end":{"line":26,"column":16}},"9":{"start":{"line":30,"column":17},"end":{"line":30,"column":55}},"10":{"start":{"line":31,"column":4},"end":{"line":31,"column":44}},"11":{"start":{"line":35,"column":17},"end":{"line":35,"column":43}},"12":{"start":{"line":36,"column":4},"end":{"line":36,"column":41}},"13":{"start":{"line":37,"column":4},"end":{"line":37,"column":44}},"14":{"start":{"line":41,"column":17},"end":{"line":41,"column":43}},"15":{"start":{"line":42,"column":4},"end":{"line":42,"column":39}},"16":{"start":{"line":46,"column":0},"end":{"line":46,"column":36}}},"fnMap":{"0":{"name":"(anonymous_7)","decl":{"start":{"line":11,"column":2},"end":{"line":11,"column":null}},"loc":{"start":{"line":11,"column":2},"end":{"line":13,"column":3}}},"1":{"name":"(anonymous_8)","decl":{"start":{"line":15,"column":8},"end":{"line":15,"column":16}},"loc":{"start":{"line":15,"column":16},"end":{"line":17,"column":null}}},"2":{"name":"(anonymous_10)","decl":{"start":{"line":19,"column":8},"end":{"line":19,"column":19}},"loc":{"start":{"line":19,"column":30},"end":{"line":27,"column":null}}},"3":{"name":"(anonymous_12)","decl":{"start":{"line":29,"column":8},"end":{"line":29,"column":18}},"loc":{"start":{"line":29,"column":35},"end":{"line":32,"column":null}}},"4":{"name":"(anonymous_14)","decl":{"start":{"line":34,"column":8},"end":{"line":34,"column":18}},"loc":{"start":{"line":34,"column":47},"end":{"line":38,"column":null}}},"5":{"name":"(anonymous_16)","decl":{"start":{"line":40,"column":8},"end":{"line":40,"column":18}},"loc":{"start":{"line":40,"column":29},"end":{"line":43,"column":null}}}},"branchMap":{"0":{"loc":{"start":{"line":23,"column":4},"end":{"line":25,"column":null}},"type":"if","locations":[{"start":{"line":23,"column":4},"end":{"line":25,"column":null}}]}},"s":{"0":1,"1":1,"2":1,"3":1,"4":0,"5":0,"6":0,"7":0,"8":0,"9":0,"10":0,"11":0,"12":0,"13":0,"14":0,"15":0,"16":1},"f":{"0":1,"1":0,"2":0,"3":0,"4":0,"5":0},"b":{"0":[0]}}
,"/home/vili/Documents/dev-projects/typeorm-node/typeorm-node-api/src/routes/bookRoutes.ts": {"path":"/home/vili/Documents/dev-projects/typeorm-node/typeorm-node-api/src/routes/bookRoutes.ts","statementMap":{"0":{"start":{"line":1,"column":0},"end":{"line":1,"column":33}},"1":{"start":{"line":2,"column":0},"end":{"line":2,"column":59}},"2":{"start":{"line":4,"column":16},"end":{"line":4,"column":24}},"3":{"start":{"line":6,"column":0},"end":{"line":6,"column":24}},"4":{"start":{"line":8,"column":0},"end":{"line":8,"column":23}}},"fnMap":{},"branchMap":{},"s":{"0":1,"1":1,"2":1,"3":1,"4":1},"f":{},"b":{}}
,"/home/vili/Documents/dev-projects/typeorm-node/typeorm-node-api/src/schemas/index.ts": {"path":"/home/vili/Documents/dev-projects/typeorm-node/typeorm-node-api/src/schemas/index.ts","statementMap":{"0":{"start":{"line":1,"column":0},"end":{"line":1,"column":22}},"1":{"start":{"line":3,"column":13},"end":{"line":17,"column":2}}},"fnMap":{},"branchMap":{},"s":{"0":1,"1":1},"f":{},"b":{}}
}
