TN:
SF:src/server.ts
FN:15,(anonymous_8)
FN:38,(anonymous_9)
FN:45,(anonymous_10)
FN:45,(anonymous_11)
FN:50,(anonymous_12)
FN:52,(anonymous_13)
FNF:6
FNH:1
FNDA:0,(anonymous_8)
FNDA:0,(anonymous_9)
FNDA:0,(anonymous_10)
FNDA:0,(anonymous_11)
FNDA:1,(anonymous_12)
FNDA:0,(anonymous_13)
DA:1,1
DA:2,1
DA:3,1
DA:4,1
DA:5,1
DA:6,1
DA:7,1
DA:8,1
DA:9,1
DA:10,1
DA:12,1
DA:15,1
DA:16,0
DA:17,0
DA:18,0
DA:20,0
DA:21,0
DA:23,0
DA:24,0
DA:25,0
DA:26,0
DA:27,0
DA:29,0
DA:30,0
DA:31,0
DA:33,0
DA:34,0
DA:35,0
DA:37,0
DA:38,0
DA:39,0
DA:40,0
DA:43,0
DA:45,0
DA:46,0
DA:50,1
DA:51,1
DA:53,0
DA:56,1
DA:57,0
LF:40
LH:15
BRDA:51,0,0,1
BRDA:51,0,1,0
BRDA:56,1,0,0
BRF:3
BRH:1
end_of_record
TN:
SF:src/config/config.ts
FNF:0
FNH:0
DA:2,1
DA:4,1
DA:6,1
DA:7,1
DA:9,1
DA:10,1
DA:14,1
LF:7
LH:7
BRDA:9,0,0,1
BRDA:9,0,1,0
BRDA:10,1,0,1
BRDA:10,1,1,0
BRF:4
BRH:2
end_of_record
TN:
SF:src/config/logger.ts
FN:25,(anonymous_1)
FNF:1
FNH:0
FNDA:0,(anonymous_1)
DA:1,1
DA:2,1
DA:3,1
DA:12,1
DA:17,1
DA:18,1
DA:26,0
DA:32,1
LF:8
LH:7
BRF:0
BRH:0
end_of_record
TN:
SF:src/controllers/bookController.ts
FN:9,(anonymous_8)
FN:9,(anonymous_9)
FN:19,(anonymous_10)
FN:30,(anonymous_11)
FN:30,(anonymous_12)
FN:41,(anonymous_13)
FN:41,(anonymous_14)
FN:55,(anonymous_15)
FN:67,(anonymous_16)
FN:81,(anonymous_17)
FN:81,(anonymous_18)
FN:94,(anonymous_19)
FNF:12
FNH:0
FNDA:0,(anonymous_8)
FNDA:0,(anonymous_9)
FNDA:0,(anonymous_10)
FNDA:0,(anonymous_11)
FNDA:0,(anonymous_12)
FNDA:0,(anonymous_13)
FNDA:0,(anonymous_14)
FNDA:0,(anonymous_15)
FNDA:0,(anonymous_16)
FNDA:0,(anonymous_17)
FNDA:0,(anonymous_18)
FNDA:0,(anonymous_19)
DA:1,1
DA:2,1
DA:3,1
DA:6,1
DA:7,1
DA:9,1
DA:10,0
DA:11,0
DA:15,0
DA:16,0
DA:19,0
DA:23,0
DA:24,0
DA:26,0
DA:30,1
DA:31,0
DA:32,0
DA:33,0
DA:35,0
DA:39,1
DA:41,0
DA:42,0
DA:43,0
DA:44,0
DA:51,0
DA:52,0
DA:55,0
DA:59,0
DA:63,0
DA:64,0
DA:67,0
DA:71,0
DA:72,0
DA:73,0
DA:74,0
DA:76,0
DA:81,1
DA:82,0
DA:83,0
DA:90,0
DA:91,0
DA:94,0
DA:98,0
DA:99,0
DA:100,0
DA:102,0
LF:46
LH:9
BRDA:15,0,0,0
BRDA:51,1,0,0
BRDA:63,2,0,0
BRDA:90,3,0,0
BRF:4
BRH:0
end_of_record
TN:
SF:src/database/data-source.ts
FNF:0
FNH:0
DA:1,1
DA:2,1
DA:3,1
DA:5,1
LF:4
LH:4
BRF:0
BRH:0
end_of_record
TN:
SF:src/entities/Book.ts
FNF:0
FNH:0
DA:1,1
DA:9,1
DA:11,1
DA:14,1
DA:17,1
DA:20,1
LF:6
LH:6
BRF:0
BRH:0
end_of_record
TN:
SF:src/exceptions/NotFoundException.ts
FN:2,(anonymous_0)
FNF:1
FNH:0
FNDA:0,(anonymous_0)
DA:1,1
DA:3,0
DA:4,0
LF:3
LH:1
BRF:0
BRH:0
end_of_record
TN:
SF:src/middleware/corsHandler.ts
FN:3,corsHandler
FNF:1
FNH:0
FNDA:0,corsHandler
DA:3,1
DA:4,0
DA:5,0
DA:9,0
DA:11,0
DA:12,0
DA:13,0
DA:14,0
DA:17,0
LF:9
LH:1
BRDA:11,0,0,0
BRF:1
BRH:0
end_of_record
TN:
SF:src/middleware/errorHandler.ts
FN:5,(anonymous_1)
FNF:1
FNH:0
FNDA:0,(anonymous_1)
DA:3,1
DA:5,1
DA:11,0
DA:12,0
DA:14,0
DA:18,0
LF:6
LH:2
BRDA:11,0,0,0
BRDA:11,0,1,0
BRDA:12,1,0,0
BRDA:12,1,1,0
BRF:4
BRH:0
end_of_record
TN:
SF:src/middleware/loggingHandler.ts
FN:4,loggingHandler
FN:13,(anonymous_2)
FNF:2
FNH:0
FNDA:0,loggingHandler
FNDA:0,(anonymous_2)
DA:2,1
DA:4,1
DA:9,0
DA:13,0
DA:14,0
DA:19,0
LF:6
LH:2
BRF:0
BRH:0
end_of_record
TN:
SF:src/middleware/routeNotFound.ts
FN:4,routeNotFound
FNF:1
FNH:0
FNDA:0,routeNotFound
DA:2,1
DA:4,1
DA:5,0
DA:6,0
DA:8,0
DA:13,0
LF:6
LH:2
BRF:0
BRH:0
end_of_record
TN:
SF:src/repositories/BookRepository.ts
FN:11,(anonymous_7)
FN:15,(anonymous_8)
FN:19,(anonymous_10)
FN:29,(anonymous_12)
FN:34,(anonymous_14)
FN:40,(anonymous_16)
FNF:6
FNH:1
FNDA:1,(anonymous_7)
FNDA:0,(anonymous_8)
FNDA:0,(anonymous_10)
FNDA:0,(anonymous_12)
FNDA:0,(anonymous_14)
FNDA:0,(anonymous_16)
DA:2,1
DA:3,1
DA:6,1
DA:12,1
DA:16,0
DA:20,0
DA:23,0
DA:24,0
DA:26,0
DA:30,0
DA:31,0
DA:35,0
DA:36,0
DA:37,0
DA:41,0
DA:42,0
DA:46,1
LF:17
LH:5
BRDA:23,0,0,0
BRF:1
BRH:0
end_of_record
TN:
SF:src/routes/bookRoutes.ts
FNF:0
FNH:0
DA:1,1
DA:2,1
DA:4,1
DA:6,1
DA:8,1
LF:5
LH:5
BRF:0
BRH:0
end_of_record
TN:
SF:src/schemas/index.ts
FNF:0
FNH:0
DA:1,1
DA:3,1
LF:2
LH:2
BRF:0
BRH:0
end_of_record
